# JRE version: OpenJDK Runtime Environment JBR-17.0.14+1-1367.22-nomod (17.0.14+1) (build 17.0.14+1-b1367.22)
# Java VM: OpenJDK 64-Bit Server VM JBR-17.0.14+1-1367.22-nomod (17.0.14+1-b1367.22, mixed mode, sharing, tiered, compressed oops, compressed class ptrs, g1 gc, windows-amd64)
GC Precious Log:
 CPUs: 12 total, 12 available
 Memory: 7832M
 Large Page Support: Disabled
 NUMA Support: Disabled
 Compressed Oops: Enabled (32-bit)
 Heap Region Size: 1M
 Heap Min Capacity: 8M
 Heap Initial Capacity: 124M
 Heap Max Capacity: 2G
 Pre-touch: Disabled
 Parallel Workers: 10
 Concurrent Workers: 3
 Concurrent Refinement Workers: 10
 Periodic GC: Disabled
Heap:
 garbage-first heap   total 314368K, used 166752K [0x0000000080000000, 0x0000000100000000)
  region size 1024K, 4 young (4096K), 4 survivors (4096K)
 Metaspace       used 101963K, committed 102848K, reserved 1179648K
  class space    used 14376K, committed 14784K, reserved 1048576K
GC Heap History (20 events):
Event: 19.813 GC heap after
{Heap after GC invocations=41 (full 0):
 garbage-first heap   total 314368K, used 120683K [0x0000000080000000, 0x0000000100000000)
  region size 1024K, 4 young (4096K), 4 survivors (4096K)
 Metaspace       used 85684K, committed 86528K, reserved 1179648K
  class space    used 12220K, committed 12608K, reserved 1048576K
}
Event: 19.817 GC heap before
{Heap before GC invocations=41 (full 0):
 garbage-first heap   total 314368K, used 121707K [0x0000000080000000, 0x0000000100000000)
  region size 1024K, 5 young (5120K), 4 survivors (4096K)
 Metaspace       used 85684K, committed 86528K, reserved 1179648K
  class space    used 12220K, committed 12608K, reserved 1048576K
}
Event: 19.820 GC heap after
{Heap after GC invocations=42 (full 0):
 garbage-first heap   total 314368K, used 121496K [0x0000000080000000, 0x0000000100000000)
  region size 1024K, 3 young (3072K), 3 survivors (3072K)
 Metaspace       used 85684K, committed 86528K, reserved 1179648K
  class space    used 12220K, committed 12608K, reserved 1048576K
}
Event: 23.004 GC heap before
{Heap before GC invocations=43 (full 0):
 garbage-first heap   total 314368K, used 268952K [0x0000000080000000, 0x0000000100000000)
  region size 1024K, 139 young (142336K), 3 survivors (3072K)
 Metaspace       used 91497K, committed 92288K, reserved 1179648K
  class space    used 12998K, committed 13312K, reserved 1048576K
}
Event: 23.024 GC heap after
{Heap after GC invocations=44 (full 0):
 garbage-first heap   total 314368K, used 143228K [0x0000000080000000, 0x0000000100000000)
  region size 1024K, 18 young (18432K), 18 survivors (18432K)
 Metaspace       used 91497K, committed 92288K, reserved 1179648K
  class space    used 12998K, committed 13312K, reserved 1048576K
}
Event: 23.041 GC heap before
{Heap before GC invocations=44 (full 0):
 garbage-first heap   total 314368K, used 144252K [0x0000000080000000, 0x0000000100000000)
  region size 1024K, 19 young (19456K), 18 survivors (18432K)
 Metaspace       used 91497K, committed 92288K, reserved 1179648K
  class space    used 12998K, committed 13312K, reserved 1048576K
}
Event: 23.054 GC heap after
{Heap after GC invocations=45 (full 0):
 garbage-first heap   total 314368K, used 145570K [0x0000000080000000, 0x0000000100000000)
  region size 1024K, 3 young (3072K), 3 survivors (3072K)
 Metaspace       used 91497K, committed 92288K, reserved 1179648K
  class space    used 12998K, committed 13312K, reserved 1048576K
}
Event: 25.248 GC heap before
{Heap before GC invocations=45 (full 0):
 garbage-first heap   total 314368K, used 233634K [0x0000000080000000, 0x0000000100000000)
  region size 1024K, 89 young (91136K), 3 survivors (3072K)
 Metaspace       used 91499K, committed 92288K, reserved 1179648K
  class space    used 12999K, committed 13312K, reserved 1048576K
}
Event: 25.253 GC heap after
{Heap after GC invocations=46 (full 0):
 garbage-first heap   total 314368K, used 148508K [0x0000000080000000, 0x0000000100000000)
  region size 1024K, 6 young (6144K), 6 survivors (6144K)
 Metaspace       used 91499K, committed 92288K, reserved 1179648K
  class space    used 12999K, committed 13312K, reserved 1048576K
}
Event: 27.326 GC heap before
{Heap before GC invocations=47 (full 0):
 garbage-first heap   total 314368K, used 241692K [0x0000000080000000, 0x0000000100000000)
  region size 1024K, 97 young (99328K), 6 survivors (6144K)
 Metaspace       used 91500K, committed 92288K, reserved 1179648K
  class space    used 12999K, committed 13312K, reserved 1048576K
}
Event: 27.332 GC heap after
{Heap after GC invocations=48 (full 0):
 garbage-first heap   total 314368K, used 151710K [0x0000000080000000, 0x0000000100000000)
  region size 1024K, 9 young (9216K), 9 survivors (9216K)
 Metaspace       used 91500K, committed 92288K, reserved 1179648K
  class space    used 12999K, committed 13312K, reserved 1048576K
}
Event: 27.444 GC heap before
{Heap before GC invocations=48 (full 0):
 garbage-first heap   total 314368K, used 157854K [0x0000000080000000, 0x0000000100000000)
  region size 1024K, 15 young (15360K), 9 survivors (9216K)
 Metaspace       used 91500K, committed 92288K, reserved 1179648K
  class space    used 12999K, committed 13312K, reserved 1048576K
}
Event: 27.450 GC heap after
{Heap after GC invocations=49 (full 0):
 garbage-first heap   total 314368K, used 150605K [0x0000000080000000, 0x0000000100000000)
  region size 1024K, 2 young (2048K), 2 survivors (2048K)
 Metaspace       used 91500K, committed 92288K, reserved 1179648K
  class space    used 12999K, committed 13312K, reserved 1048576K
}
Event: 29.002 GC heap before
{Heap before GC invocations=49 (full 0):
 garbage-first heap   total 314368K, used 248909K [0x0000000080000000, 0x0000000100000000)
  region size 1024K, 98 young (100352K), 2 survivors (2048K)
 Metaspace       used 91500K, committed 92288K, reserved 1179648K
  class space    used 12999K, committed 13312K, reserved 1048576K
}
Event: 29.008 GC heap after
{Heap after GC invocations=50 (full 0):
 garbage-first heap   total 314368K, used 154389K [0x0000000080000000, 0x0000000100000000)
  region size 1024K, 6 young (6144K), 6 survivors (6144K)
 Metaspace       used 91500K, committed 92288K, reserved 1179648K
  class space    used 12999K, committed 13312K, reserved 1048576K
}
Event: 31.135 GC heap before
{Heap before GC invocations=51 (full 0):
 garbage-first heap   total 314368K, used 271125K [0x0000000080000000, 0x0000000100000000)
  region size 1024K, 103 young (105472K), 6 survivors (6144K)
 Metaspace       used 93888K, committed 94720K, reserved 1179648K
  class space    used 13230K, committed 13568K, reserved 1048576K
}
Event: 31.154 GC heap after
{Heap after GC invocations=52 (full 0):
 garbage-first heap   total 314368K, used 164206K [0x0000000080000000, 0x0000000100000000)
  region size 1024K, 13 young (13312K), 13 survivors (13312K)
 Metaspace       used 93888K, committed 94720K, reserved 1179648K
  class space    used 13230K, committed 13568K, reserved 1048576K
}
Event: 31.313 GC heap before
{Heap before GC invocations=52 (full 0):
 garbage-first heap   total 314368K, used 166254K [0x0000000080000000, 0x0000000100000000)
  region size 1024K, 15 young (15360K), 13 survivors (13312K)
 Metaspace       used 94147K, committed 94976K, reserved 1179648K
  class space    used 13269K, committed 13632K, reserved 1048576K
}
Event: 31.324 GC heap after
{Heap after GC invocations=53 (full 0):
 garbage-first heap   total 314368K, used 164897K [0x0000000080000000, 0x0000000100000000)
  region size 1024K, 2 young (2048K), 2 survivors (2048K)
 Metaspace       used 94147K, committed 94976K, reserved 1179648K
  class space    used 13269K, committed 13632K, reserved 1048576K
}
Event: 33.890 GC heap before
{Heap before GC invocations=53 (full 0):
 garbage-first heap   total 314368K, used 250913K [0x0000000080000000, 0x0000000100000000)
  region size 1024K, 87 young (89088K), 2 survivors (2048K)
 Metaspace       used 101963K, committed 102848K, reserved 1179648K
  class space    used 14376K, committed 14784K, reserved 1048576K
}

